[UBISERVICE]	[2019-03-13 10:37:03.178]	[UBISERVICE BOOT]
[UBISERVICE]	[2019-03-13 10:37:03.178]	[UBISERVICE TASK INFO]
[UBISERVICE]	[2019-03-13 10:37:03.178]	> TASK PERIOD : 1
[UBISERVICE]	[2019-03-13 10:37:03.178]	> TASK PERIOD TYPE : DAY
[UBISERVICE]	[2019-03-13 10:37:03.178]	[UBISERVICE TASK START]
[UBISERVICE]	[2019-03-13 10:37:03.178]	[SYSTEM ENVIRONMEN INFO]
[UBISERVICE]	[2019-03-13 10:37:03.178]	> java.home=D:\01.Project\ebay\jdk1.8.0_131\jre
[UBISERVICE]	[2019-03-13 10:37:03.178]	> java.version=1.8.0_131
[UBISERVICE]	[2019-03-13 10:37:03.178]	> java.vm.version=25.131-b11
[UBISERVICE]	[2019-03-13 10:37:03.178]	> java.runtime.version=1.8.0_131-b11
[UBISERVICE]	[2019-03-13 10:37:03.178]	> sun.java2d.fontpath=D:\01.Project\ebay\workspace\ebay\WebContent\UbiService\fonts\
[UBISERVICE]	[2019-03-13 10:37:03.178]	> [S3] RESID : UBIHTML
[UBISERVICE]	[2019-03-13 10:37:03.178]	> [S3] DIRECTORY : /webapp/myapp/UbiService/results/UBIHTML
[UBISERVICE]	[2019-03-13 10:37:03.178]	> [S3] CONDITION : 1 DAY[UBISERVICE]	[2019-03-13 10:37:03.178]	> RESID : UBIHTML - DIRECTORY NOT EXISTS.
[UBISERVICE]	[2019-03-13 10:37:03.178]	[UBISERVICE TASK END]
[UBISERVICE]	[2019-03-13 10:37:03.178]	[SYSTEM FONT INFO]
[UBISERVICE]	[2019-03-13 10:37:03.456]	> Dialog
[UBISERVICE]	[2019-03-13 10:37:03.456]	> DialogInput
[UBISERVICE]	[2019-03-13 10:37:03.456]	> Lucida Bright
[UBISERVICE]	[2019-03-13 10:37:03.456]	> Lucida Sans
[UBISERVICE]	[2019-03-13 10:37:03.456]	> Lucida Sans Typewriter
[UBISERVICE]	[2019-03-13 10:37:03.456]	> Monospaced
[UBISERVICE]	[2019-03-13 10:37:03.456]	> SansSerif
[UBISERVICE]	[2019-03-13 10:37:03.456]	> Serif
[UBISERVICE]	[2019-03-13 10:37:03.456]	> 굴림
[UBISERVICE]	[2019-03-13 10:37:03.456]	> 굴림체
[UBISERVICE]	[2019-03-13 10:37:03.456]	> 궁서
[UBISERVICE]	[2019-03-13 10:37:03.456]	> 궁서체
[UBISERVICE]	[2019-03-13 10:37:03.456]	> 돋움
[UBISERVICE]	[2019-03-13 10:37:03.456]	> 돋움체
[UBISERVICE]	[2019-03-13 10:37:03.456]	> 맑은 고딕
[UBISERVICE]	[2019-03-13 10:37:03.456]	> 맑은 고딕 Semilight
[UBISERVICE]	[2019-03-13 10:37:03.456]	> 바탕
[UBISERVICE]	[2019-03-13 10:37:03.456]	> 바탕체
[UBISERVICE]	[2019-03-13 10:37:03.456]	> 새굴림
********************************************************************************
[20190313103708987_275fa8cff0230c_1552441029070]	[UBISERVICE]	[2019-03-13 10:37:09.093]	[I][REQUEST INFO] > TYPE : URF
[20190313103708987_275fa8cff0230c_1552441029070]	[UBISERVICE]	[2019-03-13 10:37:09.093]	[I][REQUEST INFO] > JRF : CNTR.jrf
[20190313103708987_275fa8cff0230c_1552441029070]	[UBISERVICE]	[2019-03-13 10:37:09.093]	[I][REQUEST INFO] > ARG : A_IMG#http://localhost:8090/ubi4/work/commonimages/#CNTR_NO#1000000003#CNTR_ORDR#0
[20190313103708987_275fa8cff0230c_1552441029070]	[UBISERVICE]	[2019-03-13 10:37:09.093]	[I][REQUEST INFO] > KEY : 20190313103708987_275fa8cff0230c
[20190313103708987_275fa8cff0230c_1552441029070]	[UBISERVICE]	[2019-03-13 10:37:09.093]	[I][REQUEST INFO] > RESID : UBIHTML_DEV
[20190313103708987_275fa8cff0230c_1552441029070]	[UBISERVICE]	[2019-03-13 10:37:09.093]	[I][REQUEST INFO] > EXPORTSEQ : 1552441029070
********************************************************************************
[20190313103708987_275fa8cff0230c_1552441029070]	[UBISERVICE]	[2019-03-13 10:37:09.094]	[I][URF JOB] > START
[20190313103708987_275fa8cff0230c_1552441029070]	[UBISERVICE]	[2019-03-13 10:37:09.099]	[I][URF JOB][UBIVIEWER] > START
[20190313103708987_275fa8cff0230c_1552441029070]	[UBIVIEWLIB]	[2019-03-13 10:37:09.256]	[E][URF JOB][LOAD REPORT] > EXCEPTION : Make ReportForm Error - \ubi4\work_dev\CNTR.jrf (지정된 경로를 찾을 수 없습니다)
[20190313103708987_275fa8cff0230c_1552441029070]	[UBISERVICE]	[2019-03-13 10:37:09.273]	[I][URF JOB][UBIVIEWER] > END
[20190313103708987_275fa8cff0230c_1552441029070]	[UBISERVICE]	[2019-03-13 10:37:09.274]	[I][URF JOB][RESPONSE] > START
[20190313103708987_275fa8cff0230c_1552441029070]	[UBISERVICE]	[2019-03-13 10:37:09.275]	[I][URF JOB][RESPONSE] > END
[20190313103708987_275fa8cff0230c_1552441029070]	[UBISERVICE]	[2019-03-13 10:37:09.276]	[I][URF JOB] > END
[UBISERVICE]	[2019-03-13 10:41:11.408]	[UBISERVICE BOOT]
[UBISERVICE]	[2019-03-13 10:41:11.408]	[UBISERVICE TASK INFO]
[UBISERVICE]	[2019-03-13 10:41:11.408]	> TASK PERIOD : 1
[UBISERVICE]	[2019-03-13 10:41:11.408]	> TASK PERIOD TYPE : DAY
[UBISERVICE]	[2019-03-13 10:41:11.408]	[UBISERVICE TASK START]
[UBISERVICE]	[2019-03-13 10:41:11.408]	[SYSTEM ENVIRONMEN INFO]
[UBISERVICE]	[2019-03-13 10:41:11.408]	> java.home=D:\01.Project\ebay\jdk1.8.0_131\jre
[UBISERVICE]	[2019-03-13 10:41:11.408]	> java.version=1.8.0_131
[UBISERVICE]	[2019-03-13 10:41:11.408]	> java.vm.version=25.131-b11
[UBISERVICE]	[2019-03-13 10:41:11.408]	> java.runtime.version=1.8.0_131-b11
[UBISERVICE]	[2019-03-13 10:41:11.408]	> sun.java2d.fontpath=D:\01.Project\ebay\workspace\ebay\WebContent\UbiService\fonts\
[UBISERVICE]	[2019-03-13 10:41:11.408]	> [S3] RESID : UBIHTML
[UBISERVICE]	[2019-03-13 10:41:11.408]	> [S3] DIRECTORY : /webapp/myapp/UbiService/results/UBIHTML
[UBISERVICE]	[2019-03-13 10:41:11.408]	> [S3] CONDITION : 1 DAY[UBISERVICE]	[2019-03-13 10:41:11.408]	> RESID : UBIHTML - DIRECTORY NOT EXISTS.
[UBISERVICE]	[2019-03-13 10:41:11.408]	[UBISERVICE TASK END]
[UBISERVICE]	[2019-03-13 10:41:11.408]	[SYSTEM FONT INFO]
[UBISERVICE]	[2019-03-13 10:41:11.643]	> Dialog
[UBISERVICE]	[2019-03-13 10:41:11.643]	> DialogInput
[UBISERVICE]	[2019-03-13 10:41:11.643]	> Lucida Bright
[UBISERVICE]	[2019-03-13 10:41:11.643]	> Lucida Sans
[UBISERVICE]	[2019-03-13 10:41:11.643]	> Lucida Sans Typewriter
[UBISERVICE]	[2019-03-13 10:41:11.643]	> Monospaced
[UBISERVICE]	[2019-03-13 10:41:11.643]	> SansSerif
[UBISERVICE]	[2019-03-13 10:41:11.643]	> Serif
[UBISERVICE]	[2019-03-13 10:41:11.643]	> 굴림
[UBISERVICE]	[2019-03-13 10:41:11.643]	> 굴림체
[UBISERVICE]	[2019-03-13 10:41:11.643]	> 궁서
[UBISERVICE]	[2019-03-13 10:41:11.643]	> 궁서체
[UBISERVICE]	[2019-03-13 10:41:11.643]	> 돋움
[UBISERVICE]	[2019-03-13 10:41:11.643]	> 돋움체
[UBISERVICE]	[2019-03-13 10:41:11.643]	> 맑은 고딕
[UBISERVICE]	[2019-03-13 10:41:11.643]	> 맑은 고딕 Semilight
[UBISERVICE]	[2019-03-13 10:41:11.643]	> 바탕
[UBISERVICE]	[2019-03-13 10:41:11.643]	> 바탕체
[UBISERVICE]	[2019-03-13 10:41:11.643]	> 새굴림
********************************************************************************
[20190313104116116_2918ac3a46e6e4_1552441276191]	[UBISERVICE]	[2019-03-13 10:41:16.225]	[I][REQUEST INFO] > TYPE : URF
[20190313104116116_2918ac3a46e6e4_1552441276191]	[UBISERVICE]	[2019-03-13 10:41:16.226]	[I][REQUEST INFO] > JRF : CNTR.jrf
[20190313104116116_2918ac3a46e6e4_1552441276191]	[UBISERVICE]	[2019-03-13 10:41:16.226]	[I][REQUEST INFO] > ARG : A_IMG#http://localhost:8090/ubi4/work/commonimages/#CNTR_NO#1000000003#CNTR_ORDR#0
[20190313104116116_2918ac3a46e6e4_1552441276191]	[UBISERVICE]	[2019-03-13 10:41:16.226]	[I][REQUEST INFO] > KEY : 20190313104116116_2918ac3a46e6e4
[20190313104116116_2918ac3a46e6e4_1552441276191]	[UBISERVICE]	[2019-03-13 10:41:16.226]	[I][REQUEST INFO] > RESID : UBIHTML_DEV
[20190313104116116_2918ac3a46e6e4_1552441276191]	[UBISERVICE]	[2019-03-13 10:41:16.227]	[I][REQUEST INFO] > EXPORTSEQ : 1552441276191
********************************************************************************
[20190313104116116_2918ac3a46e6e4_1552441276191]	[UBISERVICE]	[2019-03-13 10:41:16.228]	[I][URF JOB] > START
[20190313104116116_2918ac3a46e6e4_1552441276191]	[UBISERVICE]	[2019-03-13 10:41:16.233]	[I][URF JOB][UBIVIEWER] > START
[20190313104116116_2918ac3a46e6e4_1552441276191]	[UBIVIEWLIB]	[2019-03-13 10:41:16.403]	[E][URF JOB][LOAD REPORT] > EXCEPTION : Make ReportForm Error - \ubi4\work_dev\CNTR.jrf (지정된 경로를 찾을 수 없습니다)
[20190313104116116_2918ac3a46e6e4_1552441276191]	[UBISERVICE]	[2019-03-13 10:41:16.406]	[I][URF JOB][UBIVIEWER] > END
[20190313104116116_2918ac3a46e6e4_1552441276191]	[UBISERVICE]	[2019-03-13 10:41:16.408]	[I][URF JOB][RESPONSE] > START
[20190313104116116_2918ac3a46e6e4_1552441276191]	[UBISERVICE]	[2019-03-13 10:41:16.408]	[I][URF JOB][RESPONSE] > END
[20190313104116116_2918ac3a46e6e4_1552441276191]	[UBISERVICE]	[2019-03-13 10:41:16.409]	[I][URF JOB] > END
********************************************************************************
[20190313104544255_2de84be195d01_1552441544336]	[UBISERVICE]	[2019-03-13 10:45:44.508]	[I][REQUEST INFO] > TYPE : URF
[20190313104544255_2de84be195d01_1552441544336]	[UBISERVICE]	[2019-03-13 10:45:44.508]	[I][REQUEST INFO] > JRF : CNTR.jrf
[20190313104544255_2de84be195d01_1552441544336]	[UBISERVICE]	[2019-03-13 10:45:44.508]	[I][REQUEST INFO] > ARG : A_IMG#http://localhost:8090/ubi4/work/commonimages/#CNTR_NO#1000000003#CNTR_ORDR#0
[20190313104544255_2de84be195d01_1552441544336]	[UBISERVICE]	[2019-03-13 10:45:44.508]	[I][REQUEST INFO] > KEY : 20190313104544255_2de84be195d01
[20190313104544255_2de84be195d01_1552441544336]	[UBISERVICE]	[2019-03-13 10:45:44.508]	[I][REQUEST INFO] > RESID : UBIHTML_DEV
[20190313104544255_2de84be195d01_1552441544336]	[UBISERVICE]	[2019-03-13 10:45:44.508]	[I][REQUEST INFO] > EXPORTSEQ : 1552441544336
********************************************************************************
[20190313104544255_2de84be195d01_1552441544336]	[UBISERVICE]	[2019-03-13 10:45:44.508]	[I][URF JOB] > START
[20190313104544255_2de84be195d01_1552441544336]	[UBISERVICE]	[2019-03-13 10:45:44.524]	[I][URF JOB][UBIVIEWER] > START
[20190313104544255_2de84be195d01_1552441544336]	[UBIVIEWLIB]	[2019-03-13 10:45:44.524]	[E][URF JOB][LOAD REPORT] > EXCEPTION : Make ReportForm Error - \ubi4\work_dev\CNTR.jrf (지정된 경로를 찾을 수 없습니다)
[20190313104544255_2de84be195d01_1552441544336]	[UBISERVICE]	[2019-03-13 10:45:44.524]	[I][URF JOB][UBIVIEWER] > END
[20190313104544255_2de84be195d01_1552441544336]	[UBISERVICE]	[2019-03-13 10:45:44.524]	[I][URF JOB][RESPONSE] > START
[20190313104544255_2de84be195d01_1552441544336]	[UBISERVICE]	[2019-03-13 10:45:44.524]	[I][URF JOB][RESPONSE] > END
[20190313104544255_2de84be195d01_1552441544336]	[UBISERVICE]	[2019-03-13 10:45:44.524]	[I][URF JOB] > END
********************************************************************************
[20190313104701680_242cc2e07f5c2_1552441621755]	[UBISERVICE]	[2019-03-13 10:47:02.552]	[I][REQUEST INFO] > TYPE : URF
[20190313104701680_242cc2e07f5c2_1552441621755]	[UBISERVICE]	[2019-03-13 10:47:02.552]	[I][REQUEST INFO] > JRF : CNTR.jrf
[20190313104701680_242cc2e07f5c2_1552441621755]	[UBISERVICE]	[2019-03-13 10:47:02.552]	[I][REQUEST INFO] > ARG : A_IMG#http://localhost:8090/ubi4/work/commonimages/#CNTR_NO#1000000003#CNTR_ORDR#0
[20190313104701680_242cc2e07f5c2_1552441621755]	[UBISERVICE]	[2019-03-13 10:47:02.552]	[I][REQUEST INFO] > KEY : 20190313104701680_242cc2e07f5c2
[20190313104701680_242cc2e07f5c2_1552441621755]	[UBISERVICE]	[2019-03-13 10:47:02.552]	[I][REQUEST INFO] > RESID : UBIHTML_DEV
[20190313104701680_242cc2e07f5c2_1552441621755]	[UBISERVICE]	[2019-03-13 10:47:02.552]	[I][REQUEST INFO] > EXPORTSEQ : 1552441621755
********************************************************************************
[20190313104701680_242cc2e07f5c2_1552441621755]	[UBISERVICE]	[2019-03-13 10:47:02.552]	[I][URF JOB] > START
[20190313104701680_242cc2e07f5c2_1552441621755]	[UBISERVICE]	[2019-03-13 10:47:02.568]	[I][URF JOB][UBIVIEWER] > START
[20190313104701680_242cc2e07f5c2_1552441621755]	[UBIVIEWLIB]	[2019-03-13 10:47:02.568]	[E][URF JOB][LOAD REPORT] > EXCEPTION : Make ReportForm Error - \ubi4\work_dev\CNTR.jrf (지정된 경로를 찾을 수 없습니다)
[20190313104701680_242cc2e07f5c2_1552441621755]	[UBISERVICE]	[2019-03-13 10:47:02.568]	[I][URF JOB][UBIVIEWER] > END
[20190313104701680_242cc2e07f5c2_1552441621755]	[UBISERVICE]	[2019-03-13 10:47:02.568]	[I][URF JOB][RESPONSE] > START
[20190313104701680_242cc2e07f5c2_1552441621755]	[UBISERVICE]	[2019-03-13 10:47:02.568]	[I][URF JOB][RESPONSE] > END
[20190313104701680_242cc2e07f5c2_1552441621755]	[UBISERVICE]	[2019-03-13 10:47:02.568]	[I][URF JOB] > END
[UBISERVICE]	[2019-03-13 13:29:56.634]	[UBISERVICE BOOT]
[UBISERVICE]	[2019-03-13 13:29:56.639]	[UBISERVICE TASK INFO]
[UBISERVICE]	[2019-03-13 13:29:56.639]	> TASK PERIOD : 1
[UBISERVICE]	[2019-03-13 13:29:56.639]	> TASK PERIOD TYPE : DAY
[UBISERVICE]	[2019-03-13 13:29:56.640]	[UBISERVICE TASK START]
[UBISERVICE]	[2019-03-13 13:29:56.640]	[SYSTEM ENVIRONMEN INFO]
[UBISERVICE]	[2019-03-13 13:29:56.640]	> java.home=D:\01.Project\ebay\jdk1.8.0_131\jre
[UBISERVICE]	[2019-03-13 13:29:56.640]	> java.version=1.8.0_131
[UBISERVICE]	[2019-03-13 13:29:56.640]	> java.vm.version=25.131-b11
[UBISERVICE]	[2019-03-13 13:29:56.641]	> java.runtime.version=1.8.0_131-b11
[UBISERVICE]	[2019-03-13 13:29:56.641]	> sun.java2d.fontpath=D:\01.Project\ebay\workspace\ebay\WebContent\UbiService\fonts\
[UBISERVICE]	[2019-03-13 13:29:56.641]	> [S3] RESID : UBIHTML
[UBISERVICE]	[2019-03-13 13:29:56.642]	> [S3] DIRECTORY : /webapp/myapp/UbiService/results/UBIHTML
[UBISERVICE]	[2019-03-13 13:29:56.642]	> [S3] CONDITION : 1 DAY[UBISERVICE]	[2019-03-13 13:29:56.642]	> RESID : UBIHTML - DIRECTORY NOT EXISTS.
[UBISERVICE]	[2019-03-13 13:29:56.642]	[UBISERVICE TASK END]
[UBISERVICE]	[2019-03-13 13:29:56.641]	[SYSTEM FONT INFO]
[UBISERVICE]	[2019-03-13 13:29:56.880]	> Dialog
[UBISERVICE]	[2019-03-13 13:29:56.881]	> DialogInput
[UBISERVICE]	[2019-03-13 13:29:56.881]	> Lucida Bright
[UBISERVICE]	[2019-03-13 13:29:56.881]	> Lucida Sans
[UBISERVICE]	[2019-03-13 13:29:56.881]	> Lucida Sans Typewriter
[UBISERVICE]	[2019-03-13 13:29:56.882]	> Monospaced
[UBISERVICE]	[2019-03-13 13:29:56.882]	> SansSerif
[UBISERVICE]	[2019-03-13 13:29:56.882]	> Serif
[UBISERVICE]	[2019-03-13 13:29:56.882]	> 굴림
[UBISERVICE]	[2019-03-13 13:29:56.883]	> 굴림체
[UBISERVICE]	[2019-03-13 13:29:56.883]	> 궁서
[UBISERVICE]	[2019-03-13 13:29:56.883]	> 궁서체
[UBISERVICE]	[2019-03-13 13:29:56.884]	> 돋움
[UBISERVICE]	[2019-03-13 13:29:56.884]	> 돋움체
[UBISERVICE]	[2019-03-13 13:29:56.884]	> 맑은 고딕
[UBISERVICE]	[2019-03-13 13:29:56.885]	> 맑은 고딕 Semilight
[UBISERVICE]	[2019-03-13 13:29:56.885]	> 바탕
[UBISERVICE]	[2019-03-13 13:29:56.885]	> 바탕체
[UBISERVICE]	[2019-03-13 13:29:56.885]	> 새굴림
********************************************************************************
[20190313133001163_1fe243f2e3298_1552451401398]	[UBISERVICE]	[2019-03-13 13:30:02.523]	[I][REQUEST INFO] > TYPE : URF
[20190313133001163_1fe243f2e3298_1552451401398]	[UBISERVICE]	[2019-03-13 13:30:02.523]	[I][REQUEST INFO] > JRF : CNTR.jrf
[20190313133001163_1fe243f2e3298_1552451401398]	[UBISERVICE]	[2019-03-13 13:30:02.523]	[I][REQUEST INFO] > ARG : A_IMG#http://localhost:8090/ubi4/work/commonimages/#CNTR_NO#1000000003#CNTR_ORDR#0
[20190313133001163_1fe243f2e3298_1552451401398]	[UBISERVICE]	[2019-03-13 13:30:02.523]	[I][REQUEST INFO] > KEY : 20190313133001163_1fe243f2e3298
[20190313133001163_1fe243f2e3298_1552451401398]	[UBISERVICE]	[2019-03-13 13:30:02.524]	[I][REQUEST INFO] > RESID : UBIHTML_DEV
[20190313133001163_1fe243f2e3298_1552451401398]	[UBISERVICE]	[2019-03-13 13:30:02.524]	[I][REQUEST INFO] > EXPORTSEQ : 1552451401398
********************************************************************************
[20190313133001163_1fe243f2e3298_1552451401398]	[UBISERVICE]	[2019-03-13 13:30:02.525]	[I][URF JOB] > START
[20190313133001163_1fe243f2e3298_1552451401398]	[UBISERVICE]	[2019-03-13 13:30:02.531]	[I][URF JOB][UBIVIEWER] > START
[20190313133001163_1fe243f2e3298_1552451401398]	[UBIVIEWLIB]	[2019-03-13 13:30:03.168]	[I][URF JOB][EXECUTE SCRIPT] > EXCEPTION : null
[20190313133001163_1fe243f2e3298_1552451401398]	[UBISERVICE]	[2019-03-13 13:30:03.670]	[I][URF JOB][UBIVIEWER] > END
[20190313133001163_1fe243f2e3298_1552451401398]	[UBISERVICE]	[2019-03-13 13:30:03.670]	[I][URF JOB][RESPONSE] > START
[20190313133001163_1fe243f2e3298_1552451401398]	[UBISERVICE]	[2019-03-13 13:30:03.672]	[I][URF JOB][RESPONSE] > END
[20190313133001163_1fe243f2e3298_1552451401398]	[UBISERVICE]	[2019-03-13 13:30:03.672]	[I][URF JOB] > END
********************************************************************************
[20190313133001163_1fe243f2e3298_1552451401398]	[UBISERVICE]	[2019-03-13 13:30:03.672]	[I][REQUEST INFO] > TYPE : TOTALPAGE
********************************************************************************
[20190313133001163_1fe243f2e3298_1552451401398]	[UBISERVICE]	[2019-03-13 13:30:03.705]	[I][TOTALPAGE JOB] > START
[20190313133001163_1fe243f2e3298_1552451401398]	[UBISERVICE]	[2019-03-13 13:30:03.705]	[I][TOTALPAGE JOB][RESPONSE] > START
[20190313133001163_1fe243f2e3298_1552451401398]	[UBISERVICE]	[2019-03-13 13:30:03.706]	[I][TOTALPAGE JOB][RESPONSE] > END
[20190313133001163_1fe243f2e3298_1552451401398]	[UBISERVICE]	[2019-03-13 13:30:03.707]	[I][TOTALPAGE JOB] > END
********************************************************************************
[20190313133001163_1fe243f2e3298_1552451401398]	[UBISERVICE]	[2019-03-13 13:30:06.902]	[I][REQUEST INFO] > TYPE : PAGE
********************************************************************************
[20190313133001163_1fe243f2e3298_1552451401398]	[UBISERVICE]	[2019-03-13 13:30:06.903]	[I][PAGE JOB][2] > START
[20190313133001163_1fe243f2e3298_1552451401398]	[UBISERVICE]	[2019-03-13 13:30:06.904]	[I][PAGE JOB][2] > END
********************************************************************************
[20190313133107218_b6b33c41d2d84_1552451467285]	[UBISERVICE]	[2019-03-13 13:31:07.306]	[I][REQUEST INFO] > TYPE : URF
[20190313133107218_b6b33c41d2d84_1552451467285]	[UBISERVICE]	[2019-03-13 13:31:07.307]	[I][REQUEST INFO] > JRF : CNTR.jrf
[20190313133107218_b6b33c41d2d84_1552451467285]	[UBISERVICE]	[2019-03-13 13:31:07.307]	[I][REQUEST INFO] > ARG : A_IMG#http://localhost:8090/ubi4/work/commonimages/#CNTR_NO#1000000003#CNTR_ORDR#0
[20190313133107218_b6b33c41d2d84_1552451467285]	[UBISERVICE]	[2019-03-13 13:31:07.308]	[I][REQUEST INFO] > KEY : 20190313133107218_b6b33c41d2d84
[20190313133107218_b6b33c41d2d84_1552451467285]	[UBISERVICE]	[2019-03-13 13:31:07.310]	[I][REQUEST INFO] > RESID : UBIHTML_DEV
[20190313133107218_b6b33c41d2d84_1552451467285]	[UBISERVICE]	[2019-03-13 13:31:07.310]	[I][REQUEST INFO] > EXPORTSEQ : 1552451467285
********************************************************************************
[20190313133107218_b6b33c41d2d84_1552451467285]	[UBISERVICE]	[2019-03-13 13:31:07.311]	[I][URF JOB] > START
[20190313133107218_b6b33c41d2d84_1552451467285]	[UBISERVICE]	[2019-03-13 13:31:07.319]	[I][URF JOB][UBIVIEWER] > START
[20190313133107218_b6b33c41d2d84_1552451467285]	[UBIVIEWLIB]	[2019-03-13 13:31:07.775]	[I][URF JOB][EXECUTE SCRIPT] > EXCEPTION : null
[20190313133107218_b6b33c41d2d84_1552451467285]	[UBISERVICE]	[2019-03-13 13:31:08.107]	[I][URF JOB][UBIVIEWER] > END
[20190313133107218_b6b33c41d2d84_1552451467285]	[UBISERVICE]	[2019-03-13 13:31:08.108]	[I][URF JOB][RESPONSE] > START
[20190313133107218_b6b33c41d2d84_1552451467285]	[UBISERVICE]	[2019-03-13 13:31:08.109]	[I][URF JOB][RESPONSE] > END
[20190313133107218_b6b33c41d2d84_1552451467285]	[UBISERVICE]	[2019-03-13 13:31:08.109]	[I][URF JOB] > END
********************************************************************************
[20190313133107218_b6b33c41d2d84_1552451467285]	[UBISERVICE]	[2019-03-13 13:31:08.183]	[I][REQUEST INFO] > TYPE : TOTALPAGE
********************************************************************************
[20190313133107218_b6b33c41d2d84_1552451467285]	[UBISERVICE]	[2019-03-13 13:31:08.184]	[I][TOTALPAGE JOB] > START
[20190313133107218_b6b33c41d2d84_1552451467285]	[UBISERVICE]	[2019-03-13 13:31:08.184]	[I][TOTALPAGE JOB][RESPONSE] > START
[20190313133107218_b6b33c41d2d84_1552451467285]	[UBISERVICE]	[2019-03-13 13:31:08.185]	[I][TOTALPAGE JOB][RESPONSE] > END
[20190313133107218_b6b33c41d2d84_1552451467285]	[UBISERVICE]	[2019-03-13 13:31:08.185]	[I][TOTALPAGE JOB] > END
